========== ose-01 START 2026-06-18T02:30:22+03:00 ==========
[0;32m[INFO][0m Сценарий: ose-01, ожидаемый статус ордера: EXECUTED, RUN_ID=1781739022-70209
[0;32m[INFO][0m Шаг 0: Проверка health ApiGateway...
[0;32m[INFO][0m Gateway health OK ✓
[0;32m[INFO][0m Ожидание готовности auth через Gateway (до 90s, интервал 3s)...
[0;32m[INFO][0m Auth path ready (HTTP 200) ✓
[0;32m[INFO][0m Шаг 1: Регистрация тестового пользователя (если не существует)...
[0;32m[INFO][0m Пользователь уже существует (HTTP 400) — продолжаем
[0;32m[INFO][0m Шаг 2: Аутентификация пользователя e2e_test_user...
[0;32m[INFO][0m Токен получен (219 символов)
[0;32m[INFO][0m Шаг 3: Создание торгового бота (SMA_CROSSOVER)...
[0;32m[INFO][0m Бот создан: id=16, status=ACTIVE
[0;32m[INFO][0m Шаг 4: Проверка созданного бота...
[0;32m[INFO][0m Бот 16 найден в списке ботов ✓
[0;32m[INFO][0m Шаг 5: Создание торгового ордера...
[0;32m[INFO][0m Ордер создан: id=20, status=EXECUTED
[0;32m[INFO][0m Шаг 6: Проверка позиции в Journal (E2E-01/02)...
[0;32m[INFO][0m Позиция в Journal найдена ✓

[0;32m[INFO][0m ══════════════════════════════════════════
[0;32m[INFO][0m E2E (ose-01) завершён успешно!
[0;32m[INFO][0m   Бот:   id=16, status=ACTIVE
[0;32m[INFO][0m   Ордер: id=20, status=EXECUTED
[0;32m[INFO][0m ══════════════════════════════════════════
[0;32m[INFO][0m Очистка тестовых данных...
[0;32m[INFO][0m Бот 16 удалён (cleanup)
========== ose-01 PASS ==========
========== ose-02 START 2026-06-18T02:30:23+03:00 ==========
[0;32m[INFO][0m ose-02 (E2E-02): ACTIVE bot → scheduler → EXECUTED (poll GET /api/orders, .env.test.ose)
[0;32m[INFO][0m Сценарий: ose-02, ожидаемый статус ордера: EXECUTED, RUN_ID=1781739023-70379
[0;32m[INFO][0m Шаг 0: Проверка health ApiGateway...
[0;32m[INFO][0m Gateway health OK ✓
[0;32m[INFO][0m Ожидание готовности auth через Gateway (до 90s, интервал 3s)...
[0;32m[INFO][0m Auth path ready (HTTP 200) ✓
[0;32m[INFO][0m Шаг 1: Регистрация тестового пользователя (если не существует)...
[0;32m[INFO][0m Пользователь уже существует (HTTP 400) — продолжаем
[0;32m[INFO][0m Шаг 2: Аутентификация пользователя e2e_test_user...
[0;32m[INFO][0m Токен получен (219 символов)
[0;32m[INFO][0m Шаг 3: Создание торгового бота (SMA_CROSSOVER)...
[0;32m[INFO][0m Бот создан: id=18, status=ACTIVE
[0;32m[INFO][0m Шаг 4: Проверка созданного бота...
[0;32m[INFO][0m Бот 18 найден в списке ботов ✓
[0;32m[INFO][0m Шаг 5a: Seed MARKET BUY для открытия позиции (бот → SELL)...
[0;32m[INFO][0m Seed BUY исполнен ✓
[0;32m[INFO][0m Шаг 5: Ожидание ордера от scheduler бота (poll GET /api/orders, interval=10s, max=24)...
[0;32m[INFO][0m Попытка 1/24: ордер ещё не готов, ждём 10s...
[0;32m[INFO][0m Попытка 2/24: ордер ещё не готов, ждём 10s...
[0;32m[INFO][0m Попытка 3/24: ордер ещё не готов, ждём 10s...
[0;32m[INFO][0m Попытка 4/24: ордер ещё не готов, ждём 10s...
[0;32m[INFO][0m Попытка 5/24: ордер ещё не готов, ждём 10s...
[0;32m[INFO][0m Попытка 6/24: ордер ещё не готов, ждём 10s...
[0;32m[INFO][0m Попытка 7/24: ордер ещё не готов, ждём 10s...
[0;32m[INFO][0m Попытка 8/24: ордер ещё не готов, ждём 10s...
[0;32m[INFO][0m Попытка 9/24: ордер ещё не готов, ждём 10s...
[0;32m[INFO][0m Попытка 10/24: ордер ещё не готов, ждём 10s...
[0;32m[INFO][0m Попытка 11/24: ордер ещё не готов, ждём 10s...
[0;32m[INFO][0m Попытка 12/24: ордер ещё не готов, ждём 10s...
[0;32m[INFO][0m Попытка 13/24: ордер ещё не готов, ждём 10s...
[0;32m[INFO][0m Попытка 14/24: ордер ещё не готов, ждём 10s...
[0;32m[INFO][0m Попытка 15/24: ордер ещё не готов, ждём 10s...
[0;32m[INFO][0m Попытка 16/24: ордер ещё не готов, ждём 10s...
[0;32m[INFO][0m Попытка 17/24: ордер ещё не готов, ждём 10s...
[0;32m[INFO][0m Попытка 18/24: ордер ещё не готов, ждём 10s...
[0;32m[INFO][0m Попытка 19/24: ордер ещё не готов, ждём 10s...
[0;32m[INFO][0m Попытка 20/24: ордер ещё не готов, ждём 10s...
[0;32m[INFO][0m Попытка 21/24: ордер ещё не готов, ждём 10s...
[0;32m[INFO][0m Попытка 22/24: ордер ещё не готов, ждём 10s...
[0;32m[INFO][0m Попытка 23/24: ордер ещё не готов, ждём 10s...
[0;32m[INFO][0m Попытка 24/24: ордер ещё не готов, ждём 10s...
[0;31m[ERROR][0m ose-02: scheduler не создал ордер со статусом EXECUTED за 240s
[1;33m[WARN][0m Проверьте: .env.test.ose (BROKER_INTEGRATION_ENABLED=true), trading-bot-service health, S2S JWT, PriceService lookback для SMA
[0;32m[INFO][0m Очистка тестовых данных...
[0;32m[INFO][0m Бот 18 удалён (cleanup)
========== ose-02 FAIL exit=1 ==========
========== ose-02-paper START 2026-06-18T02:34:26+03:00 ==========
[0;32m[INFO][0m ose-02-paper: paper bot → scheduler → EXECUTED без brokerOrderId (.env.test)
[0;32m[INFO][0m Сценарий: ose-02-paper, ожидаемый статус ордера: EXECUTED, RUN_ID=1781739266-76818
[0;32m[INFO][0m Шаг 0: Проверка health ApiGateway...
[0;32m[INFO][0m Gateway health OK ✓
[0;32m[INFO][0m Ожидание готовности auth через Gateway (до 90s, интервал 3s)...
[0;32m[INFO][0m Auth path ready (HTTP 200) ✓
[0;32m[INFO][0m Шаг 1: Регистрация тестового пользователя (если не существует)...
[0;32m[INFO][0m Пользователь уже существует (HTTP 400) — продолжаем
[0;32m[INFO][0m Шаг 2: Аутентификация пользователя e2e_test_user...
[0;32m[INFO][0m Токен получен (219 символов)
[0;32m[INFO][0m Шаг 3: Создание торгового бота (SMA_CROSSOVER)...
[0;32m[INFO][0m Бот создан: id=19, status=ACTIVE
[0;32m[INFO][0m Шаг 4: Проверка созданного бота...
[0;32m[INFO][0m Бот 19 найден в списке ботов ✓
[0;32m[INFO][0m Шаг 5a: Seed paper MARKET BUY для открытия позиции...
[0;32m[INFO][0m Seed BUY исполнен ✓
[0;32m[INFO][0m Шаг 5: Ожидание ордера от scheduler бота (poll GET /api/orders, interval=10s, max=24)...
[0;32m[INFO][0m Попытка 1/24: ордер ещё не готов, ждём 10s...
[0;32m[INFO][0m Попытка 2/24: ордер ещё не готов, ждём 10s...
[0;32m[INFO][0m Попытка 3/24: ордер ещё не готов, ждём 10s...
[0;32m[INFO][0m Попытка 4/24: ордер ещё не готов, ждём 10s...
[0;32m[INFO][0m Попытка 5/24: ордер ещё не готов, ждём 10s...
[0;32m[INFO][0m Попытка 6/24: ордер ещё не готов, ждём 10s...
[0;32m[INFO][0m Попытка 7/24: ордер ещё не готов, ждём 10s...
[0;32m[INFO][0m Попытка 8/24: ордер ещё не готов, ждём 10s...
[0;32m[INFO][0m Попытка 9/24: ордер ещё не готов, ждём 10s...
[0;32m[INFO][0m Попытка 10/24: ордер ещё не готов, ждём 10s...
[0;32m[INFO][0m Попытка 11/24: ордер ещё не готов, ждём 10s...
[0;32m[INFO][0m Попытка 12/24: ордер ещё не готов, ждём 10s...
[0;32m[INFO][0m Попытка 13/24: ордер ещё не готов, ждём 10s...
[0;32m[INFO][0m Попытка 14/24: ордер ещё не готов, ждём 10s...
[0;32m[INFO][0m Попытка 15/24: ордер ещё не готов, ждём 10s...
[0;32m[INFO][0m Попытка 16/24: ордер ещё не готов, ждём 10s...
[0;32m[INFO][0m Попытка 17/24: ордер ещё не готов, ждём 10s...
[0;32m[INFO][0m Попытка 18/24: ордер ещё не готов, ждём 10s...
[0;32m[INFO][0m Попытка 19/24: ордер ещё не готов, ждём 10s...
[0;32m[INFO][0m Попытка 20/24: ордер ещё не готов, ждём 10s...
[0;32m[INFO][0m Попытка 21/24: ордер ещё не готов, ждём 10s...
[0;32m[INFO][0m Попытка 22/24: ордер ещё не готов, ждём 10s...
[0;32m[INFO][0m Попытка 23/24: ордер ещё не готов, ждём 10s...
[0;32m[INFO][0m Попытка 24/24: ордер ещё не готов, ждём 10s...
[0;31m[ERROR][0m ose-02: scheduler не создал ордер со статусом EXECUTED за 240s
[1;33m[WARN][0m Проверьте: .env.test.ose (BROKER_INTEGRATION_ENABLED=true), trading-bot-service health, S2S JWT, PriceService lookback для SMA
[0;32m[INFO][0m Очистка тестовых данных...
[0;32m[INFO][0m Бот 19 удалён (cleanup)
========== ose-02-paper FAIL exit=1 ==========
========== ose-05 START 2026-06-18T02:38:29+03:00 ==========
[0;32m[INFO][0m ose-05 (E2E-05): MARKET EXECUTED → LIMIT amend → cancel CANCELLED
[0;32m[INFO][0m Сценарий: ose-05, ожидаемый статус ордера: EXECUTED, RUN_ID=1781739509-81981
[0;32m[INFO][0m Шаг 0: Проверка health ApiGateway...
[0;32m[INFO][0m Gateway health OK ✓
[0;32m[INFO][0m Ожидание готовности auth через Gateway (до 90s, интервал 3s)...
[0;32m[INFO][0m Auth path ready (HTTP 200) ✓
[0;32m[INFO][0m Шаг 1: Регистрация тестового пользователя (если не существует)...
[0;32m[INFO][0m Пользователь уже существует (HTTP 400) — продолжаем
[0;32m[INFO][0m Шаг 2: Аутентификация пользователя e2e_test_user...
[0;32m[INFO][0m Токен получен (219 символов)
[0;32m[INFO][0m Шаг 3: Создание торгового бота (SMA_CROSSOVER)...
[0;32m[INFO][0m Бот создан: id=20, status=ACTIVE
[0;32m[INFO][0m Шаг 4: Проверка созданного бота...
[0;32m[INFO][0m Бот 20 найден в списке ботов ✓
[0;32m[INFO][0m Шаг 5: Создание торгового ордера...
[0;32m[INFO][0m Ордер создан: id=24, status=EXECUTED
[0;32m[INFO][0m MARKET ордер исполнен, brokerOrderId=MOCK-35b2ee20-6eeb-445b-8895-763127433bf4 ✓
[0;32m[INFO][0m Шаг 6: Создание LIMIT-ордера (ожидается PENDING)...
[0;32m[INFO][0m LIMIT ордер создан: id=25, status=PENDING ✓
[0;32m[INFO][0m Шаг 7: Изменение цены LIMIT (PATCH /api/orders/25)...
[0;32m[INFO][0m LIMIT amend OK, price=95.00 ✓
[0;32m[INFO][0m Шаг 8: Отмена LIMIT (POST /api/orders/25/cancel)...
[0;32m[INFO][0m LIMIT ордер отменён: status=CANCELLED ✓

[0;32m[INFO][0m ══════════════════════════════════════════
[0;32m[INFO][0m E2E (ose-05) завершён успешно!
[0;32m[INFO][0m   Бот:   id=20, status=ACTIVE
[0;32m[INFO][0m   Ордер: id=24, status=EXECUTED
[0;32m[INFO][0m   LIMIT: id=25, status=CANCELLED
[0;32m[INFO][0m ══════════════════════════════════════════
[0;32m[INFO][0m Очистка тестовых данных...
[0;32m[INFO][0m Бот 20 удалён (cleanup)
========== ose-05 PASS ==========
========== seed-candles START 2026-06-18T02:38:29+03:00 ==========
[0;32m[INFO][0m Seed candles: figi=BBG004730N88 2026-01-01T00:00:00Z..2026-03-01T00:00:00Z interval=DAY
[0;32m[INFO][0m user already exists (HTTP 400)
[0;32m[INFO][0m import jobId=3
[0;32m[INFO][0m import COMPLETED (jobId=3)
========== seed-candles PASS ==========
========== ose-03-e2e-backtest START 2026-06-18T02:38:30+03:00 ==========
[0;32m[INFO][0m E2E-03: backtest SMA via Gateway
[0;32m[INFO][0m backtest OK: {"totalReturn":0.04955401,"maxDrawdown":0,"profitFactor":0,"finalEquity":104955.40138748,"trades":1,"equityCurve":[{"time":"2026-01-01T00:00:00Z","equity":100000.00000000},{"time":"2026-01-02T00:00:00Z","equity":100000.00000000},{"time":"2026-01-03T00:00:00Z","equity":100000.00000000},{"time":"2026-01-04T00:00:00Z","equity":100000.00000000},{"time":"2026-01-05T00:00:00Z","equity":100000.00000000},{"time":"2026-01-06T00:00:00Z","equity":100000.00000000},{"time":"2026-01-07T00:00:00Z","equity":100000.00000000},{"time":"2026-01-08T00:00:00Z","equity":100000.00000000},{"time":"2026-01-09T00:00:00Z","equity":100000.00000000},{"time":"2026-01-10T00:00:00Z","equity":100000.00000000},{"time":"2026-01-11T00:00:00Z","equity":100099.10802775},{"time":"2026-01-12T00:00:00Z","equity":100198.21605550},{"time":"2026-01-13T00:00:00Z","equity":100297.32408325},{"time":"2026-01-14T00:00:00Z","equity":100396.43211100},{"time":"2026-01-15T00:00:00Z","equity":100495.54013875},{"time":"2026-01-16T00:00:00Z","equity":100594.64816650},{"time":"2026-01-17T00:00:00Z","equity":100693.75619424},{"time":"2026-01-18T00:00:00Z","equity":100792.86422199},{"time":"2026-01-19T00:00:00Z","equity":100891.97224974},{"time":"2026-01-20T00:00:00Z","equity":100991.08027749},{"time":"2026-01-21T00:00:00Z","equity":101090.18830524},{"time":"2026-01-22T00:00:00Z","equity":101189.29633299},{"time":"2026-01-23T00:00:00Z","equity":101288.40436074},{"time":"2026-01-24T00:00:00Z","equity":101387.51238849},{"time":"2026-01-25T00:00:00Z","equity":101486.62041624},{"time":"2026-01-26T00:00:00Z","equity":101585.72844399},{"time":"2026-01-27T00:00:00Z","equity":101684.83647174},{"time":"2026-01-28T00:00:00Z","equity":101783.94449949},{"time":"2026-01-29T00:00:00Z","equity":101883.05252724},{"time":"2026-01-30T00:00:00Z","equity":101982.16055499},{"time":"2026-01-31T00:00:00Z","equity":102081.26858274},{"time":"2026-02-01T00:00:00Z","equity":102180.37661049},{"time":"2026-02-02T00:00:00Z","equity":102279.48463824},{"time":"2026-02-03T00:00:00Z","equity":102378.59266599},{"time":"2026-02-04T00:00:00Z","equity":102477.70069374},{"time":"2026-02-05T00:00:00Z","equity":102576.80872149},{"time":"2026-02-06T00:00:00Z","equity":102675.91674924},{"time":"2026-02-07T00:00:00Z","equity":102775.02477699},{"time":"2026-02-08T00:00:00Z","equity":102874.13280474},{"time":"2026-02-09T00:00:00Z","equity":102973.24083249},{"time":"2026-02-10T00:00:00Z","equity":103072.34886024},{"time":"2026-02-11T00:00:00Z","equity":103171.45688799},{"time":"2026-02-12T00:00:00Z","equity":103270.56491574},{"time":"2026-02-13T00:00:00Z","equity":103369.67294349},{"time":"2026-02-14T00:00:00Z","equity":103468.78097124},{"time":"2026-02-15T00:00:00Z","equity":103567.88899899},{"time":"2026-02-16T00:00:00Z","equity":103666.99702673},{"time":"2026-02-17T00:00:00Z","equity":103766.10505448},{"time":"2026-02-18T00:00:00Z","equity":103865.21308223},{"time":"2026-02-19T00:00:00Z","equity":103964.32110998},{"time":"2026-02-20T00:00:00Z","equity":104063.42913773},{"time":"2026-02-21T00:00:00Z","equity":104162.53716548},{"time":"2026-02-22T00:00:00Z","equity":104261.64519323},{"time":"2026-02-23T00:00:00Z","equity":104360.75322098},{"time":"2026-02-24T00:00:00Z","equity":104459.86124873},{"time":"2026-02-25T00:00:00Z","equity":104558.96927648},{"time":"2026-02-26T00:00:00Z","equity":104658.07730423},{"time":"2026-02-27T00:00:00Z","equity":104757.18533198},{"time":"2026-02-28T00:00:00Z","equity":104856.29335973},{"time":"2026-03-01T00:00:00Z","equity":104955.40138748}]}
========== ose-03-e2e-backtest PASS ==========
========== ose-04-e2e-optimize START 2026-06-18T02:38:30+03:00 ==========
[0;32m[INFO][0m E2E-04: multi-param grid optimization via Gateway
[0;32m[INFO][0m Ensure candles are seeded: ./scripts/test-env/seed-candles.sh
[0;32m[INFO][0m grid optimize OK (totalRuns>=6, results non-empty): {"figi":"BBG004730N88","totalRuns":6,"passedFilters":6,"results":[{"rank":1,"parameters":{"smaPeriod":10.0},"totalReturn":0.04955401,"maxDrawdown":0,"profitFactor":0,"finalEquity":104955.40138748,"trades":1},{"rank":2,"parameters":{"smaPeriod":12.0},"totalReturn":0.04747774,"maxDrawdown":0,"profitFactor":0,"finalEquity":104747.77448068,"trades":1},{"rank":3,"parameters":{"smaPeriod":14.0},"totalReturn":0.04540967,"maxDrawdown":0,"profitFactor":0,"finalEquity":104540.96742346,"trades":1},{"rank":4,"parameters":{"smaPeriod":16.0},"totalReturn":0.04334975,"maxDrawdown":0,"profitFactor":0,"finalEquity":104334.97536943,"trades":1},{"rank":5,"parameters":{"smaPeriod":18.0},"totalReturn":0.04129794,"maxDrawdown":0,"profitFactor":0,"finalEquity":104129.79351031,"trades":1},{"rank":6,"parameters":{"smaPeriod":20.0},"totalReturn":0.03925417,"maxDrawdown":0,"profitFactor":0,"finalEquity":103925.41707554,"trades":1}]}
========== ose-04-e2e-optimize PASS ==========
