2026-06-19T04:06:15.160+03:00  INFO 80835 --- [broker-integration-service] [main] c.f.controller.StockControllerOrderTest  : Starting StockControllerOrderTest using Java 25.0.2 with PID 80835 (started by belyaev.dmitryi in /Users/belyaev.dmitryi/CursorProjects/FinancialSystem/BrokerIntegrationService)
2026-06-19T04:06:15.166+03:00 DEBUG 80835 --- [broker-integration-service] [main] c.f.controller.StockControllerOrderTest  : Running with Spring Boot v3.4.1, Spring v6.2.1
2026-06-19T04:06:15.166+03:00  INFO 80835 --- [broker-integration-service] [main] c.f.controller.StockControllerOrderTest  : The following 1 profile is active: "test"
2026-06-19T04:06:15.522+03:00  INFO 80835 --- [broker-integration-service] [main] o.s.v.b.OptionalValidatorFactoryBean     : Failed to set up a Bean Validation provider: jakarta.validation.NoProviderFoundException: Unable to create a Configuration, because no Jakarta Bean Validation provider could be found. Add a provider like Hibernate Validator (RI) to your classpath.
2026-06-19T04:06:15.638+03:00  INFO 80835 --- [broker-integration-service] [main] o.s.b.t.m.w.SpringBootMockServletContext : Initializing Spring TestDispatcherServlet ''
2026-06-19T04:06:15.638+03:00  INFO 80835 --- [broker-integration-service] [main] o.s.t.web.servlet.TestDispatcherServlet  : Initializing Servlet ''
2026-06-19T04:06:15.638+03:00  INFO 80835 --- [broker-integration-service] [main] o.s.t.web.servlet.TestDispatcherServlet  : Completed initialization in 0 ms
2026-06-19T04:06:15.648+03:00  INFO 80835 --- [broker-integration-service] [main] c.f.controller.StockControllerOrderTest  : Started StockControllerOrderTest in 0.786 seconds (process running for 1.743)
2026-06-19T04:06:15.668+03:00  INFO 80835 --- [broker-integration-service] [main] com.fs.controller.StockController        : Cancelling order broker-order-1 for account acc-1 on broker default
2026-06-19T04:06:15.683+03:00  INFO 80835 --- [broker-integration-service] [main] t.c.s.AnnotationConfigContextLoaderUtils : Could not detect default configuration classes for test class [com.fs.controller.StockControllerOrderTest$PlaceOrder]: PlaceOrder does not declare any static, non-private, non-final, nested classes annotated with @Configuration.
2026-06-19T04:06:15.687+03:00  INFO 80835 --- [broker-integration-service] [main] .b.t.c.SpringBootTestContextBootstrapper : Found @SpringBootConfiguration com.fs.BrokerIntegrationServiceApplication for test class com.fs.controller.StockControllerOrderTest$PlaceOrder
2026-06-19T04:06:15.707+03:00  INFO 80835 --- [broker-integration-service] [main] com.fs.controller.StockController        : Placing order for account acc-1 on broker default
2026-06-19T04:06:15.726+03:00  INFO 80835 --- [broker-integration-service] [main] com.fs.controller.StockController        : Placing order for account acc-1 on broker default
2026-06-19T04:06:15.730+03:00  INFO 80835 --- [broker-integration-service] [main] com.fs.controller.StockController        : Placing order for account acc-1 on broker default
2026-06-19T04:06:15.752+03:00 DEBUG 80835 --- [broker-integration-service] [main] c.fs.service.BrokerIntegrationService    : Getting stock SBER from broker MOCK
2026-06-19T04:06:15.755+03:00 DEBUG 80835 --- [broker-integration-service] [main] c.fs.service.BrokerIntegrationService    : Getting stock SBER from broker TINKOFF
2026-06-19T04:06:15.757+03:00  INFO 80835 --- [broker-integration-service] [main] com.fs.factory.BrokerFactory             : Stock MISSING not found in TINKOFF, trying MOEX ISS
2026-06-19T04:06:15.757+03:00  INFO 80835 --- [broker-integration-service] [main] com.fs.factory.BrokerFactory             : Stock MISSING not found in MOEX ISS
2026-06-19T04:06:15.758+03:00  INFO 80835 --- [broker-integration-service] [main] com.fs.factory.BrokerFactory             : Stock MOEXONLY not found in TINKOFF, trying MOEX ISS
2026-06-19T04:06:15.767+03:00  INFO 80835 --- [broker-integration-service] [main] com.fs.factory.BrokerFactory             : Order book: stock VTBR not found in TINKOFF, trying MOEX ISS
2026-06-19T04:06:28.980+03:00  INFO 81187 --- [broker-integration-service] [main] c.f.controller.StockControllerOrderTest  : Starting StockControllerOrderTest using Java 25.0.2 with PID 81187 (started by belyaev.dmitryi in /Users/belyaev.dmitryi/CursorProjects/FinancialSystem/BrokerIntegrationService)
2026-06-19T04:06:28.981+03:00 DEBUG 81187 --- [broker-integration-service] [main] c.f.controller.StockControllerOrderTest  : Running with Spring Boot v3.4.1, Spring v6.2.1
2026-06-19T04:06:28.981+03:00  INFO 81187 --- [broker-integration-service] [main] c.f.controller.StockControllerOrderTest  : The following 1 profile is active: "test"
2026-06-19T04:06:29.322+03:00  INFO 81187 --- [broker-integration-service] [main] o.s.v.b.OptionalValidatorFactoryBean     : Failed to set up a Bean Validation provider: jakarta.validation.NoProviderFoundException: Unable to create a Configuration, because no Jakarta Bean Validation provider could be found. Add a provider like Hibernate Validator (RI) to your classpath.
2026-06-19T04:06:29.435+03:00  INFO 81187 --- [broker-integration-service] [main] o.s.b.t.m.w.SpringBootMockServletContext : Initializing Spring TestDispatcherServlet ''
2026-06-19T04:06:29.435+03:00  INFO 81187 --- [broker-integration-service] [main] o.s.t.web.servlet.TestDispatcherServlet  : Initializing Servlet ''
2026-06-19T04:06:29.435+03:00  INFO 81187 --- [broker-integration-service] [main] o.s.t.web.servlet.TestDispatcherServlet  : Completed initialization in 0 ms
2026-06-19T04:06:29.444+03:00  INFO 81187 --- [broker-integration-service] [main] c.f.controller.StockControllerOrderTest  : Started StockControllerOrderTest in 0.591 seconds (process running for 1.506)
2026-06-19T04:06:29.465+03:00  INFO 81187 --- [broker-integration-service] [main] com.fs.controller.StockController        : Cancelling order broker-order-1 for account acc-1 on broker default
2026-06-19T04:06:29.482+03:00  INFO 81187 --- [broker-integration-service] [main] t.c.s.AnnotationConfigContextLoaderUtils : Could not detect default configuration classes for test class [com.fs.controller.StockControllerOrderTest$PlaceOrder]: PlaceOrder does not declare any static, non-private, non-final, nested classes annotated with @Configuration.
2026-06-19T04:06:29.485+03:00  INFO 81187 --- [broker-integration-service] [main] .b.t.c.SpringBootTestContextBootstrapper : Found @SpringBootConfiguration com.fs.BrokerIntegrationServiceApplication for test class com.fs.controller.StockControllerOrderTest$PlaceOrder
2026-06-19T04:06:29.505+03:00  INFO 81187 --- [broker-integration-service] [main] com.fs.controller.StockController        : Placing order for account acc-1 on broker default
2026-06-19T04:06:29.524+03:00  INFO 81187 --- [broker-integration-service] [main] com.fs.controller.StockController        : Placing order for account acc-1 on broker default
2026-06-19T04:06:29.528+03:00  INFO 81187 --- [broker-integration-service] [main] com.fs.controller.StockController        : Placing order for account acc-1 on broker default
2026-06-19T04:06:29.549+03:00 DEBUG 81187 --- [broker-integration-service] [main] c.fs.service.BrokerIntegrationService    : Getting stock SBER from broker MOCK
2026-06-19T04:06:29.551+03:00 DEBUG 81187 --- [broker-integration-service] [main] c.fs.service.BrokerIntegrationService    : Getting stock SBER from broker TINKOFF
2026-06-19T04:06:29.554+03:00  INFO 81187 --- [broker-integration-service] [main] com.fs.factory.BrokerFactory             : Stock MISSING not found in TINKOFF, trying MOEX ISS
2026-06-19T04:06:29.554+03:00  INFO 81187 --- [broker-integration-service] [main] com.fs.factory.BrokerFactory             : Stock MISSING not found in MOEX ISS
2026-06-19T04:06:29.556+03:00  INFO 81187 --- [broker-integration-service] [main] com.fs.factory.BrokerFactory             : Stock MOEXONLY not found in TINKOFF, trying MOEX ISS
2026-06-19T04:06:29.558+03:00  INFO 81187 --- [broker-integration-service] [main] com.fs.factory.BrokerFactory             : Order book: stock VTBR not found in TINKOFF, trying MOEX ISS
2026-06-19T04:07:05.271+03:00  INFO 81883 --- [broker-integration-service] [main] c.f.controller.StockControllerOrderTest  : Starting StockControllerOrderTest using Java 25.0.2 with PID 81883 (started by belyaev.dmitryi in /Users/belyaev.dmitryi/CursorProjects/FinancialSystem/BrokerIntegrationService)
2026-06-19T04:07:05.271+03:00 DEBUG 81883 --- [broker-integration-service] [main] c.f.controller.StockControllerOrderTest  : Running with Spring Boot v3.4.1, Spring v6.2.1
2026-06-19T04:07:05.272+03:00  INFO 81883 --- [broker-integration-service] [main] c.f.controller.StockControllerOrderTest  : The following 1 profile is active: "test"
2026-06-19T04:07:05.625+03:00  INFO 81883 --- [broker-integration-service] [main] o.s.v.b.OptionalValidatorFactoryBean     : Failed to set up a Bean Validation provider: jakarta.validation.NoProviderFoundException: Unable to create a Configuration, because no Jakarta Bean Validation provider could be found. Add a provider like Hibernate Validator (RI) to your classpath.
2026-06-19T04:07:05.751+03:00  INFO 81883 --- [broker-integration-service] [main] o.s.b.t.m.w.SpringBootMockServletContext : Initializing Spring TestDispatcherServlet ''
2026-06-19T04:07:05.751+03:00  INFO 81883 --- [broker-integration-service] [main] o.s.t.web.servlet.TestDispatcherServlet  : Initializing Servlet ''
2026-06-19T04:07:05.751+03:00  INFO 81883 --- [broker-integration-service] [main] o.s.t.web.servlet.TestDispatcherServlet  : Completed initialization in 0 ms
2026-06-19T04:07:05.760+03:00  INFO 81883 --- [broker-integration-service] [main] c.f.controller.StockControllerOrderTest  : Started StockControllerOrderTest in 0.621 seconds (process running for 1.521)
2026-06-19T04:07:05.781+03:00  INFO 81883 --- [broker-integration-service] [main] com.fs.controller.StockController        : Cancelling order broker-order-1 for account acc-1 on broker default
2026-06-19T04:07:05.796+03:00  INFO 81883 --- [broker-integration-service] [main] t.c.s.AnnotationConfigContextLoaderUtils : Could not detect default configuration classes for test class [com.fs.controller.StockControllerOrderTest$PlaceOrder]: PlaceOrder does not declare any static, non-private, non-final, nested classes annotated with @Configuration.
2026-06-19T04:07:05.799+03:00  INFO 81883 --- [broker-integration-service] [main] .b.t.c.SpringBootTestContextBootstrapper : Found @SpringBootConfiguration com.fs.BrokerIntegrationServiceApplication for test class com.fs.controller.StockControllerOrderTest$PlaceOrder
2026-06-19T04:07:05.818+03:00  INFO 81883 --- [broker-integration-service] [main] com.fs.controller.StockController        : Placing order for account acc-1 on broker default
2026-06-19T04:07:05.835+03:00  INFO 81883 --- [broker-integration-service] [main] com.fs.controller.StockController        : Placing order for account acc-1 on broker default
2026-06-19T04:07:05.838+03:00  INFO 81883 --- [broker-integration-service] [main] com.fs.controller.StockController        : Placing order for account acc-1 on broker default
2026-06-19T04:07:05.859+03:00 DEBUG 81883 --- [broker-integration-service] [main] c.fs.service.BrokerIntegrationService    : Getting stock SBER from broker MOCK
2026-06-19T04:07:05.861+03:00 DEBUG 81883 --- [broker-integration-service] [main] c.fs.service.BrokerIntegrationService    : Getting stock SBER from broker TINKOFF
2026-06-19T04:07:05.864+03:00  INFO 81883 --- [broker-integration-service] [main] com.fs.factory.BrokerFactory             : Stock MISSING not found in TINKOFF, trying MOEX ISS
2026-06-19T04:07:05.864+03:00  INFO 81883 --- [broker-integration-service] [main] com.fs.factory.BrokerFactory             : Stock MISSING not found in MOEX ISS
2026-06-19T04:07:05.865+03:00  INFO 81883 --- [broker-integration-service] [main] com.fs.factory.BrokerFactory             : Stock MOEXONLY not found in TINKOFF, trying MOEX ISS
2026-06-19T04:07:05.867+03:00  INFO 81883 --- [broker-integration-service] [main] com.fs.factory.BrokerFactory             : Order book: stock VTBR not found in TINKOFF, trying MOEX ISS
2026-06-19T04:07:16.141+03:00  INFO 82144 --- [broker-integration-service] [main] c.f.controller.StockControllerOrderTest  : Starting StockControllerOrderTest using Java 25.0.2 with PID 82144 (started by belyaev.dmitryi in /Users/belyaev.dmitryi/CursorProjects/FinancialSystem/BrokerIntegrationService)
2026-06-19T04:07:16.141+03:00 DEBUG 82144 --- [broker-integration-service] [main] c.f.controller.StockControllerOrderTest  : Running with Spring Boot v3.4.1, Spring v6.2.1
2026-06-19T04:07:16.141+03:00  INFO 82144 --- [broker-integration-service] [main] c.f.controller.StockControllerOrderTest  : The following 1 profile is active: "test"
2026-06-19T04:07:16.495+03:00  INFO 82144 --- [broker-integration-service] [main] o.s.v.b.OptionalValidatorFactoryBean     : Failed to set up a Bean Validation provider: jakarta.validation.NoProviderFoundException: Unable to create a Configuration, because no Jakarta Bean Validation provider could be found. Add a provider like Hibernate Validator (RI) to your classpath.
2026-06-19T04:07:16.611+03:00  INFO 82144 --- [broker-integration-service] [main] o.s.b.t.m.w.SpringBootMockServletContext : Initializing Spring TestDispatcherServlet ''
2026-06-19T04:07:16.611+03:00  INFO 82144 --- [broker-integration-service] [main] o.s.t.web.servlet.TestDispatcherServlet  : Initializing Servlet ''
2026-06-19T04:07:16.611+03:00  INFO 82144 --- [broker-integration-service] [main] o.s.t.web.servlet.TestDispatcherServlet  : Completed initialization in 0 ms
2026-06-19T04:07:16.619+03:00  INFO 82144 --- [broker-integration-service] [main] c.f.controller.StockControllerOrderTest  : Started StockControllerOrderTest in 0.606 seconds (process running for 1.491)
2026-06-19T04:07:16.640+03:00  INFO 82144 --- [broker-integration-service] [main] com.fs.controller.StockController        : Cancelling order broker-order-1 for account acc-1 on broker default
2026-06-19T04:07:16.654+03:00  INFO 82144 --- [broker-integration-service] [main] t.c.s.AnnotationConfigContextLoaderUtils : Could not detect default configuration classes for test class [com.fs.controller.StockControllerOrderTest$PlaceOrder]: PlaceOrder does not declare any static, non-private, non-final, nested classes annotated with @Configuration.
2026-06-19T04:07:16.656+03:00  INFO 82144 --- [broker-integration-service] [main] .b.t.c.SpringBootTestContextBootstrapper : Found @SpringBootConfiguration com.fs.BrokerIntegrationServiceApplication for test class com.fs.controller.StockControllerOrderTest$PlaceOrder
2026-06-19T04:07:16.676+03:00  INFO 82144 --- [broker-integration-service] [main] com.fs.controller.StockController        : Placing order for account acc-1 on broker default
2026-06-19T04:07:16.698+03:00  INFO 82144 --- [broker-integration-service] [main] com.fs.controller.StockController        : Placing order for account acc-1 on broker default
2026-06-19T04:07:16.702+03:00  INFO 82144 --- [broker-integration-service] [main] com.fs.controller.StockController        : Placing order for account acc-1 on broker default
2026-06-19T04:07:16.722+03:00 DEBUG 82144 --- [broker-integration-service] [main] c.fs.service.BrokerIntegrationService    : Getting stock SBER from broker MOCK
2026-06-19T04:07:16.723+03:00 DEBUG 82144 --- [broker-integration-service] [main] c.fs.service.BrokerIntegrationService    : Getting stock SBER from broker TINKOFF
2026-06-19T04:07:16.726+03:00  INFO 82144 --- [broker-integration-service] [main] com.fs.factory.BrokerFactory             : Stock MISSING not found in TINKOFF, trying MOEX ISS
2026-06-19T04:07:16.726+03:00  INFO 82144 --- [broker-integration-service] [main] com.fs.factory.BrokerFactory             : Stock MISSING not found in MOEX ISS
2026-06-19T04:07:16.727+03:00  INFO 82144 --- [broker-integration-service] [main] com.fs.factory.BrokerFactory             : Stock MOEXONLY not found in TINKOFF, trying MOEX ISS
2026-06-19T04:07:16.729+03:00  INFO 82144 --- [broker-integration-service] [main] com.fs.factory.BrokerFactory             : Order book: stock VTBR not found in TINKOFF, trying MOEX ISS
2026-06-19T04:07:27.626+03:00  INFO 82414 --- [broker-integration-service] [main] c.f.controller.StockControllerOrderTest  : Starting StockControllerOrderTest using Java 25.0.2 with PID 82414 (started by belyaev.dmitryi in /Users/belyaev.dmitryi/CursorProjects/FinancialSystem/BrokerIntegrationService)
2026-06-19T04:07:27.626+03:00 DEBUG 82414 --- [broker-integration-service] [main] c.f.controller.StockControllerOrderTest  : Running with Spring Boot v3.4.1, Spring v6.2.1
2026-06-19T04:07:27.627+03:00  INFO 82414 --- [broker-integration-service] [main] c.f.controller.StockControllerOrderTest  : The following 1 profile is active: "test"
2026-06-19T04:07:27.981+03:00  INFO 82414 --- [broker-integration-service] [main] o.s.v.b.OptionalValidatorFactoryBean     : Failed to set up a Bean Validation provider: jakarta.validation.NoProviderFoundException: Unable to create a Configuration, because no Jakarta Bean Validation provider could be found. Add a provider like Hibernate Validator (RI) to your classpath.
2026-06-19T04:07:28.120+03:00  INFO 82414 --- [broker-integration-service] [main] o.s.b.t.m.w.SpringBootMockServletContext : Initializing Spring TestDispatcherServlet ''
2026-06-19T04:07:28.120+03:00  INFO 82414 --- [broker-integration-service] [main] o.s.t.web.servlet.TestDispatcherServlet  : Initializing Servlet ''
2026-06-19T04:07:28.120+03:00  INFO 82414 --- [broker-integration-service] [main] o.s.t.web.servlet.TestDispatcherServlet  : Completed initialization in 0 ms
2026-06-19T04:07:28.129+03:00  INFO 82414 --- [broker-integration-service] [main] c.f.controller.StockControllerOrderTest  : Started StockControllerOrderTest in 0.629 seconds (process running for 1.545)
2026-06-19T04:07:28.152+03:00  INFO 82414 --- [broker-integration-service] [main] com.fs.controller.StockController        : Cancelling order broker-order-1 for account acc-1 on broker default
2026-06-19T04:07:28.167+03:00  INFO 82414 --- [broker-integration-service] [main] t.c.s.AnnotationConfigContextLoaderUtils : Could not detect default configuration classes for test class [com.fs.controller.StockControllerOrderTest$PlaceOrder]: PlaceOrder does not declare any static, non-private, non-final, nested classes annotated with @Configuration.
2026-06-19T04:07:28.169+03:00  INFO 82414 --- [broker-integration-service] [main] .b.t.c.SpringBootTestContextBootstrapper : Found @SpringBootConfiguration com.fs.BrokerIntegrationServiceApplication for test class com.fs.controller.StockControllerOrderTest$PlaceOrder
2026-06-19T04:07:28.190+03:00  INFO 82414 --- [broker-integration-service] [main] com.fs.controller.StockController        : Placing order for account acc-1 on broker default
2026-06-19T04:07:28.216+03:00  INFO 82414 --- [broker-integration-service] [main] com.fs.controller.StockController        : Placing order for account acc-1 on broker default
2026-06-19T04:07:28.219+03:00  INFO 82414 --- [broker-integration-service] [main] com.fs.controller.StockController        : Placing order for account acc-1 on broker default
2026-06-19T04:07:28.241+03:00 DEBUG 82414 --- [broker-integration-service] [main] c.fs.service.BrokerIntegrationService    : Getting stock SBER from broker MOCK
2026-06-19T04:07:28.243+03:00 DEBUG 82414 --- [broker-integration-service] [main] c.fs.service.BrokerIntegrationService    : Getting stock SBER from broker TINKOFF
2026-06-19T04:07:28.246+03:00  INFO 82414 --- [broker-integration-service] [main] com.fs.factory.BrokerFactory             : Stock MISSING not found in TINKOFF, trying MOEX ISS
2026-06-19T04:07:28.247+03:00  INFO 82414 --- [broker-integration-service] [main] com.fs.factory.BrokerFactory             : Stock MISSING not found in MOEX ISS
2026-06-19T04:07:28.248+03:00  INFO 82414 --- [broker-integration-service] [main] com.fs.factory.BrokerFactory             : Stock MOEXONLY not found in TINKOFF, trying MOEX ISS
2026-06-19T04:07:28.250+03:00  INFO 82414 --- [broker-integration-service] [main] com.fs.factory.BrokerFactory             : Order book: stock VTBR not found in TINKOFF, trying MOEX ISS
2026-06-19T04:07:38.115+03:00  INFO 83034 --- [broker-integration-service] [main] c.f.controller.StockControllerOrderTest  : Starting StockControllerOrderTest using Java 25.0.2 with PID 83034 (started by belyaev.dmitryi in /Users/belyaev.dmitryi/CursorProjects/FinancialSystem/BrokerIntegrationService)
2026-06-19T04:07:38.116+03:00 DEBUG 83034 --- [broker-integration-service] [main] c.f.controller.StockControllerOrderTest  : Running with Spring Boot v3.4.1, Spring v6.2.1
2026-06-19T04:07:38.116+03:00  INFO 83034 --- [broker-integration-service] [main] c.f.controller.StockControllerOrderTest  : The following 1 profile is active: "test"
2026-06-19T04:07:38.466+03:00  INFO 83034 --- [broker-integration-service] [main] o.s.v.b.OptionalValidatorFactoryBean     : Failed to set up a Bean Validation provider: jakarta.validation.NoProviderFoundException: Unable to create a Configuration, because no Jakarta Bean Validation provider could be found. Add a provider like Hibernate Validator (RI) to your classpath.
2026-06-19T04:07:38.593+03:00  INFO 83034 --- [broker-integration-service] [main] o.s.b.t.m.w.SpringBootMockServletContext : Initializing Spring TestDispatcherServlet ''
2026-06-19T04:07:38.593+03:00  INFO 83034 --- [broker-integration-service] [main] o.s.t.web.servlet.TestDispatcherServlet  : Initializing Servlet ''
2026-06-19T04:07:38.594+03:00  INFO 83034 --- [broker-integration-service] [main] o.s.t.web.servlet.TestDispatcherServlet  : Completed initialization in 1 ms
2026-06-19T04:07:38.603+03:00  INFO 83034 --- [broker-integration-service] [main] c.f.controller.StockControllerOrderTest  : Started StockControllerOrderTest in 0.669 seconds (process running for 1.544)
2026-06-19T04:07:38.624+03:00  INFO 83034 --- [broker-integration-service] [main] com.fs.controller.StockController        : Cancelling order broker-order-1 for account acc-1 on broker default
2026-06-19T04:07:38.639+03:00  INFO 83034 --- [broker-integration-service] [main] t.c.s.AnnotationConfigContextLoaderUtils : Could not detect default configuration classes for test class [com.fs.controller.StockControllerOrderTest$PlaceOrder]: PlaceOrder does not declare any static, non-private, non-final, nested classes annotated with @Configuration.
2026-06-19T04:07:38.642+03:00  INFO 83034 --- [broker-integration-service] [main] .b.t.c.SpringBootTestContextBootstrapper : Found @SpringBootConfiguration com.fs.BrokerIntegrationServiceApplication for test class com.fs.controller.StockControllerOrderTest$PlaceOrder
2026-06-19T04:07:38.662+03:00  INFO 83034 --- [broker-integration-service] [main] com.fs.controller.StockController        : Placing order for account acc-1 on broker default
2026-06-19T04:07:38.682+03:00  INFO 83034 --- [broker-integration-service] [main] com.fs.controller.StockController        : Placing order for account acc-1 on broker default
2026-06-19T04:07:38.685+03:00  INFO 83034 --- [broker-integration-service] [main] com.fs.controller.StockController        : Placing order for account acc-1 on broker default
2026-06-19T04:07:38.707+03:00 DEBUG 83034 --- [broker-integration-service] [main] c.fs.service.BrokerIntegrationService    : Getting stock SBER from broker MOCK
2026-06-19T04:07:38.709+03:00 DEBUG 83034 --- [broker-integration-service] [main] c.fs.service.BrokerIntegrationService    : Getting stock SBER from broker TINKOFF
2026-06-19T04:07:38.712+03:00  INFO 83034 --- [broker-integration-service] [main] com.fs.factory.BrokerFactory             : Stock MISSING not found in TINKOFF, trying MOEX ISS
2026-06-19T04:07:38.712+03:00  INFO 83034 --- [broker-integration-service] [main] com.fs.factory.BrokerFactory             : Stock MISSING not found in MOEX ISS
2026-06-19T04:07:38.713+03:00  INFO 83034 --- [broker-integration-service] [main] com.fs.factory.BrokerFactory             : Stock MOEXONLY not found in TINKOFF, trying MOEX ISS
2026-06-19T04:07:38.715+03:00  INFO 83034 --- [broker-integration-service] [main] com.fs.factory.BrokerFactory             : Order book: stock VTBR not found in TINKOFF, trying MOEX ISS
2026-06-19T04:19:13.524+03:00  INFO 95305 --- [broker-integration-service] [main] c.f.controller.StockControllerOrderTest  : Starting StockControllerOrderTest using Java 25.0.2 with PID 95305 (started by belyaev.dmitryi in /Users/belyaev.dmitryi/CursorProjects/FinancialSystem/BrokerIntegrationService)
2026-06-19T04:19:13.525+03:00 DEBUG 95305 --- [broker-integration-service] [main] c.f.controller.StockControllerOrderTest  : Running with Spring Boot v3.4.1, Spring v6.2.1
2026-06-19T04:19:13.525+03:00  INFO 95305 --- [broker-integration-service] [main] c.f.controller.StockControllerOrderTest  : The following 1 profile is active: "test"
2026-06-19T04:19:13.739+03:00  INFO 95305 --- [broker-integration-service] [main] o.s.v.b.OptionalValidatorFactoryBean     : Failed to set up a Bean Validation provider: jakarta.validation.NoProviderFoundException: Unable to create a Configuration, because no Jakarta Bean Validation provider could be found. Add a provider like Hibernate Validator (RI) to your classpath.
2026-06-19T04:19:13.857+03:00  INFO 95305 --- [broker-integration-service] [main] o.s.b.t.m.w.SpringBootMockServletContext : Initializing Spring TestDispatcherServlet ''
2026-06-19T04:19:13.857+03:00  INFO 95305 --- [broker-integration-service] [main] o.s.t.web.servlet.TestDispatcherServlet  : Initializing Servlet ''
2026-06-19T04:19:13.857+03:00  INFO 95305 --- [broker-integration-service] [main] o.s.t.web.servlet.TestDispatcherServlet  : Completed initialization in 0 ms
2026-06-19T04:19:13.865+03:00  INFO 95305 --- [broker-integration-service] [main] c.f.controller.StockControllerOrderTest  : Started StockControllerOrderTest in 0.523 seconds (process running for 1.7)
2026-06-19T04:19:13.883+03:00  INFO 95305 --- [broker-integration-service] [main] com.fs.controller.StockController        : Cancelling order broker-order-1 for account acc-1 on broker default
2026-06-19T04:19:13.894+03:00  INFO 95305 --- [broker-integration-service] [main] t.c.s.AnnotationConfigContextLoaderUtils : Could not detect default configuration classes for test class [com.fs.controller.StockControllerOrderTest$PlaceOrder]: PlaceOrder does not declare any static, non-private, non-final, nested classes annotated with @Configuration.
2026-06-19T04:19:13.897+03:00  INFO 95305 --- [broker-integration-service] [main] .b.t.c.SpringBootTestContextBootstrapper : Found @SpringBootConfiguration com.fs.BrokerIntegrationServiceApplication for test class com.fs.controller.StockControllerOrderTest$PlaceOrder
2026-06-19T04:19:13.916+03:00  INFO 95305 --- [broker-integration-service] [main] com.fs.controller.StockController        : Placing order for account acc-1 on broker default
2026-06-19T04:19:13.947+03:00  INFO 95305 --- [broker-integration-service] [main] com.fs.controller.StockController        : Placing order for account acc-1 on broker default
2026-06-19T04:19:13.950+03:00  INFO 95305 --- [broker-integration-service] [main] com.fs.controller.StockController        : Placing order for account acc-1 on broker default
2026-06-19T04:19:13.964+03:00 DEBUG 95305 --- [broker-integration-service] [main] c.fs.service.BrokerIntegrationService    : Getting stock SBER from broker MOCK
2026-06-19T04:19:13.965+03:00 DEBUG 95305 --- [broker-integration-service] [main] c.fs.service.BrokerIntegrationService    : Getting stock SBER from broker TINKOFF
2026-06-19T04:19:13.968+03:00  INFO 95305 --- [broker-integration-service] [main] com.fs.factory.BrokerFactory             : Stock MISSING not found in TINKOFF, trying MOEX ISS
2026-06-19T04:19:13.968+03:00  INFO 95305 --- [broker-integration-service] [main] com.fs.factory.BrokerFactory             : Stock MISSING not found in MOEX ISS
2026-06-19T04:19:13.969+03:00  INFO 95305 --- [broker-integration-service] [main] com.fs.factory.BrokerFactory             : Stock MOEXONLY not found in TINKOFF, trying MOEX ISS
2026-06-19T04:19:13.971+03:00  INFO 95305 --- [broker-integration-service] [main] com.fs.factory.BrokerFactory             : Order book: stock VTBR not found in TINKOFF, trying MOEX ISS
